{"level":"info","message":"Info message","timestamp":"5:39:16 PM"}
{"level":"warn","message":"Warning message","timestamp":"5:39:16 PM"}
{"level":"debug","message":"Debugging info","timestamp":"5:39:16 PM"}
{"level":"info","message":"Listening on port 1234","timestamp":"5:39:20 PM"}
{"level":"info","message":"Info message","timestamp":"5:40:15 PM"}
{"level":"warn","message":"Warning message","timestamp":"5:40:15 PM"}
{"level":"debug","message":"Debugging info","timestamp":"5:40:15 PM"}
{"level":"info","message":"Listening on port 1234","timestamp":"5:40:16 PM"}
{"level":"info","message":"Info message","timestamp":"5:42:18 PM"}
{"level":"warn","message":"Warning message","timestamp":"5:42:18 PM"}
{"level":"debug","message":"Debugging info","timestamp":"5:42:18 PM"}
{"level":"info","message":"Listening on port 1234","timestamp":"5:42:18 PM"}
{"level":"info","message":"Info message","timestamp":"5:42:32 PM"}
{"level":"warn","message":"Warning message","timestamp":"5:42:32 PM"}
{"level":"debug","message":"Debugging info","timestamp":"5:42:32 PM"}
{"level":"info","message":"Listening on port 1234","timestamp":"5:42:33 PM"}
{"level":"info","message":"Info message","timestamp":"6:11:04 PM"}
{"level":"warn","message":"Warning message","timestamp":"6:11:04 PM"}
{"level":"debug","message":"Debugging info","timestamp":"6:11:04 PM"}
{"level":"info","message":"Listening on port 1234","timestamp":"6:11:05 PM"}
{"level":"info","message":"Info message","timestamp":"6:14:57 PM"}
{"level":"warn","message":"Warning message","timestamp":"6:14:57 PM"}
{"level":"debug","message":"Debugging info","timestamp":"6:14:57 PM"}
{"level":"info","message":"Listening on port 1234","timestamp":"6:14:58 PM"}
{"level":"info","message":"Info message","timestamp":"6:20:28 PM"}
{"level":"warn","message":"Warning message","timestamp":"6:20:28 PM"}
{"level":"debug","message":"Debugging info","timestamp":"6:20:28 PM"}
{"level":"info","message":"Listening on port 1234","timestamp":"6:20:29 PM"}
{"level":"info","message":"Info message","timestamp":"6:22:25 PM"}
{"level":"warn","message":"Warning message","timestamp":"6:22:25 PM"}
{"level":"debug","message":"Debugging info","timestamp":"6:22:25 PM"}
{"level":"info","message":"Listening on port 1234","timestamp":"6:22:26 PM"}
{"level":"info","message":"Info message","timestamp":"6:56:58 PM"}
{"level":"warn","message":"Warning message","timestamp":"6:56:58 PM"}
{"level":"debug","message":"Debugging info","timestamp":"6:56:58 PM"}
{"level":"info","message":"Listening on port 1234","timestamp":"6:56:58 PM"}
{"level":"info","message":"Info message","timestamp":"7:09:24 PM"}
{"level":"warn","message":"Warning message","timestamp":"7:09:24 PM"}
{"level":"debug","message":"Debugging info","timestamp":"7:09:24 PM"}
{"level":"info","message":"Listening on port 1234","timestamp":"7:09:25 PM"}
{"level":"info","message":"Info message","timestamp":"7:09:52 PM"}
{"level":"warn","message":"Warning message","timestamp":"7:09:52 PM"}
{"level":"debug","message":"Debugging info","timestamp":"7:09:52 PM"}
{"level":"info","message":"Listening on port 1234","timestamp":"7:09:52 PM"}
{"level":"info","message":"Info message","timestamp":"7:12:02 PM"}
{"level":"warn","message":"Warning message","timestamp":"7:12:02 PM"}
{"level":"debug","message":"Debugging info","timestamp":"7:12:02 PM"}
{"level":"info","message":"Listening on port 1234","timestamp":"7:12:02 PM"}
{"level":"info","message":"Info message","timestamp":"7:12:28 PM"}
{"level":"warn","message":"Warning message","timestamp":"7:12:28 PM"}
{"level":"debug","message":"Debugging info","timestamp":"7:12:28 PM"}
{"level":"info","message":"Listening on port 1234","timestamp":"7:12:28 PM"}
{"level":"info","message":"Info message","timestamp":"7:13:07 PM"}
{"level":"warn","message":"Warning message","timestamp":"7:13:07 PM"}
{"level":"debug","message":"Debugging info","timestamp":"7:13:07 PM"}
{"level":"info","message":"Listening on port 1234","timestamp":"7:13:08 PM"}
{"level":"info","message":"Info message","timestamp":"7:13:34 PM"}
{"level":"warn","message":"Warning message","timestamp":"7:13:34 PM"}
{"level":"debug","message":"Debugging info","timestamp":"7:13:34 PM"}
{"level":"info","message":"Listening on port 1234","timestamp":"7:13:34 PM"}
{"level":"info","message":"Info message","timestamp":"7:14:06 PM"}
{"level":"warn","message":"Warning message","timestamp":"7:14:06 PM"}
{"level":"debug","message":"Debugging info","timestamp":"7:14:06 PM"}
{"level":"info","message":"Listening on port 1234","timestamp":"7:14:07 PM"}
{"level":"info","message":"Info message","timestamp":"7:15:19 PM"}
{"level":"warn","message":"Warning message","timestamp":"7:15:19 PM"}
{"level":"debug","message":"Debugging info","timestamp":"7:15:19 PM"}
{"level":"info","message":"Listening on port 1234","timestamp":"7:15:20 PM"}
{"level":"info","message":"Info message","timestamp":"7:16:03 PM"}
{"level":"warn","message":"Warning message","timestamp":"7:16:03 PM"}
{"level":"debug","message":"Debugging info","timestamp":"7:16:03 PM"}
{"level":"info","message":"Listening on port 1234","timestamp":"7:16:03 PM"}
{"level":"info","message":"Info message","timestamp":"7:17:32 PM"}
{"level":"warn","message":"Warning message","timestamp":"7:17:32 PM"}
{"level":"debug","message":"Debugging info","timestamp":"7:17:32 PM"}
{"level":"info","message":"Listening on port 1234","timestamp":"7:17:33 PM"}
{"level":"info","message":"Info message","timestamp":"7:17:51 PM"}
{"level":"warn","message":"Warning message","timestamp":"7:17:51 PM"}
{"level":"debug","message":"Debugging info","timestamp":"7:17:51 PM"}
{"level":"info","message":"Listening on port 1234","timestamp":"7:17:52 PM"}
{"level":"info","message":"Info message","timestamp":"7:18:52 PM"}
{"level":"warn","message":"Warning message","timestamp":"7:18:52 PM"}
{"level":"debug","message":"Debugging info","timestamp":"7:18:52 PM"}
{"level":"info","message":"Listening on port 1234","timestamp":"7:18:52 PM"}
{"level":"info","message":"Info message","timestamp":"7:20:04 PM"}
{"level":"warn","message":"Warning message","timestamp":"7:20:04 PM"}
{"level":"debug","message":"Debugging info","timestamp":"7:20:04 PM"}
{"level":"info","message":"Listening on port 1234","timestamp":"7:20:05 PM"}
{"level":"info","message":"Info message","timestamp":"7:23:05 PM"}
{"level":"warn","message":"Warning message","timestamp":"7:23:05 PM"}
{"level":"debug","message":"Debugging info","timestamp":"7:23:05 PM"}
{"level":"info","message":"Listening on port 1234","timestamp":"7:23:05 PM"}
{"level":"info","message":"Info message","timestamp":"7:23:45 PM"}
{"level":"warn","message":"Warning message","timestamp":"7:23:45 PM"}
{"level":"debug","message":"Debugging info","timestamp":"7:23:45 PM"}
{"level":"info","message":"Listening on port 1234","timestamp":"7:23:45 PM"}
{"level":"info","message":"Info message","timestamp":"7:43:28 PM"}
{"level":"warn","message":"Warning message","timestamp":"7:43:28 PM"}
{"level":"debug","message":"Debugging info","timestamp":"7:43:28 PM"}
{"level":"info","message":"Listening on port 1234","timestamp":"7:43:28 PM"}
{"level":"info","message":"Info message","timestamp":"7:45:17 PM"}
{"level":"warn","message":"Warning message","timestamp":"7:45:17 PM"}
{"level":"debug","message":"Debugging info","timestamp":"7:45:17 PM"}
{"level":"info","message":"Listening on port 1234","timestamp":"7:45:18 PM"}
{"level":"info","message":"Info message","timestamp":"7:51:00 PM"}
{"level":"warn","message":"Warning message","timestamp":"7:51:00 PM"}
{"level":"debug","message":"Debugging info","timestamp":"7:51:00 PM"}
{"level":"info","message":"Listening on port 1234","timestamp":"7:51:01 PM"}
{"level":"info","message":"Info message","timestamp":"8:11:01 PM"}
{"level":"warn","message":"Warning message","timestamp":"8:11:01 PM"}
{"level":"debug","message":"Debugging info","timestamp":"8:11:01 PM"}
{"level":"info","message":"Listening on port 1234","timestamp":"8:11:01 PM"}
{"level":"info","message":"Info message","timestamp":"8:12:30 PM"}
{"level":"warn","message":"Warning message","timestamp":"8:12:30 PM"}
{"level":"debug","message":"Debugging info","timestamp":"8:12:30 PM"}
{"level":"info","message":"Listening on port 1234","timestamp":"8:12:31 PM"}
{"level":"info","message":"Info message","timestamp":"8:22:54 PM"}
{"level":"warn","message":"Warning message","timestamp":"8:22:54 PM"}
{"level":"debug","message":"Debugging info","timestamp":"8:22:54 PM"}
{"level":"info","message":"Listening on port 1234","timestamp":"8:22:55 PM"}
{"level":"info","message":"Info message","timestamp":"8:23:56 PM"}
{"level":"warn","message":"Warning message","timestamp":"8:23:56 PM"}
{"level":"debug","message":"Debugging info","timestamp":"8:23:56 PM"}
{"level":"info","message":"Listening on port 1234","timestamp":"8:23:57 PM"}
{"level":"info","message":"Info message","timestamp":"8:24:58 PM"}
{"level":"warn","message":"Warning message","timestamp":"8:24:58 PM"}
{"level":"debug","message":"Debugging info","timestamp":"8:24:58 PM"}
{"level":"info","message":"Listening on port 1234","timestamp":"8:24:58 PM"}
{"level":"info","message":"Info message","timestamp":"1:04:10 PM"}
{"level":"warn","message":"Warning message","timestamp":"1:04:10 PM"}
{"level":"debug","message":"Debugging info","timestamp":"1:04:10 PM"}
{"level":"info","message":"Listening on port 1234","timestamp":"1:04:15 PM"}
{"level":"info","message":"Info message","timestamp":"1:32:30 PM"}
{"level":"warn","message":"Warning message","timestamp":"1:32:30 PM"}
{"level":"debug","message":"Debugging info","timestamp":"1:32:30 PM"}
{"level":"info","message":"Listening on port 1234","timestamp":"1:32:31 PM"}
{"level":"info","message":"Info message","timestamp":"1:38:18 PM"}
{"level":"warn","message":"Warning message","timestamp":"1:38:18 PM"}
{"level":"debug","message":"Debugging info","timestamp":"1:38:18 PM"}
{"level":"info","message":"Listening on port 1234","timestamp":"1:38:19 PM"}
{"level":"info","message":"Info message","timestamp":"1:45:56 PM"}
{"level":"warn","message":"Warning message","timestamp":"1:45:56 PM"}
{"level":"debug","message":"Debugging info","timestamp":"1:45:56 PM"}
{"level":"info","message":"Listening on port 1234","timestamp":"1:45:57 PM"}
{"level":"info","message":"Info message","timestamp":"2:06:41 PM"}
{"level":"warn","message":"Warning message","timestamp":"2:06:41 PM"}
{"level":"debug","message":"Debugging info","timestamp":"2:06:41 PM"}
{"level":"info","message":"Listening on port 1234","timestamp":"2:06:42 PM"}
{"level":"info","message":"Info message","timestamp":"2:07:32 PM"}
{"level":"warn","message":"Warning message","timestamp":"2:07:32 PM"}
{"level":"debug","message":"Debugging info","timestamp":"2:07:32 PM"}
{"level":"info","message":"Listening on port 1234","timestamp":"2:07:32 PM"}
{"level":"info","message":"Info message","timestamp":"2:10:01 PM"}
{"level":"warn","message":"Warning message","timestamp":"2:10:01 PM"}
{"level":"debug","message":"Debugging info","timestamp":"2:10:01 PM"}
{"level":"info","message":"Listening on port 1234","timestamp":"2:10:01 PM"}
{"level":"info","message":"Info message","timestamp":"2:10:21 PM"}
{"level":"warn","message":"Warning message","timestamp":"2:10:21 PM"}
{"level":"debug","message":"Debugging info","timestamp":"2:10:21 PM"}
{"level":"info","message":"Listening on port 1234","timestamp":"2:10:21 PM"}
{"level":"info","message":"Info message","timestamp":"2:36:37 PM"}
{"level":"warn","message":"Warning message","timestamp":"2:36:37 PM"}
{"level":"debug","message":"Debugging info","timestamp":"2:36:37 PM"}
{"level":"info","message":"Listening on port 1234","timestamp":"2:36:37 PM"}
{"level":"info","message":"Info message","timestamp":"2:43:38 PM"}
{"level":"warn","message":"Warning message","timestamp":"2:43:38 PM"}
{"level":"debug","message":"Debugging info","timestamp":"2:43:38 PM"}
{"level":"info","message":"Listening on port 1234","timestamp":"2:43:38 PM"}
{"level":"info","message":"Info message","timestamp":"2:51:03 PM"}
{"level":"warn","message":"Warning message","timestamp":"2:51:03 PM"}
{"level":"debug","message":"Debugging info","timestamp":"2:51:03 PM"}
{"level":"info","message":"Listening on port 1234","timestamp":"2:51:04 PM"}
{"level":"info","message":"Info message","timestamp":"3:06:10 PM"}
{"level":"warn","message":"Warning message","timestamp":"3:06:10 PM"}
{"level":"debug","message":"Debugging info","timestamp":"3:06:10 PM"}
{"level":"info","message":"Listening on port 1234","timestamp":"3:06:11 PM"}
{"level":"info","message":"Info message","timestamp":"3:15:30 PM"}
{"level":"warn","message":"Warning message","timestamp":"3:15:30 PM"}
{"level":"debug","message":"Debugging info","timestamp":"3:15:30 PM"}
{"level":"info","message":"Listening on port 1234","timestamp":"3:15:31 PM"}
{"level":"info","message":"Info message","timestamp":"4:01:36 PM"}
{"level":"warn","message":"Warning message","timestamp":"4:01:36 PM"}
{"level":"debug","message":"Debugging info","timestamp":"4:01:36 PM"}
{"level":"info","message":"Listening on port 1234","timestamp":"4:01:37 PM"}
{"level":"info","message":"Info message","timestamp":"4:01:59 PM"}
{"level":"warn","message":"Warning message","timestamp":"4:01:59 PM"}
{"level":"debug","message":"Debugging info","timestamp":"4:01:59 PM"}
{"level":"info","message":"Listening on port 1234","timestamp":"4:01:59 PM"}
{"level":"info","message":"Info message","timestamp":"5:11:14 PM"}
{"level":"warn","message":"Warning message","timestamp":"5:11:14 PM"}
{"level":"debug","message":"Debugging info","timestamp":"5:11:14 PM"}
{"level":"info","message":"Listening on port 1234","timestamp":"5:11:14 PM"}
{"level":"info","message":"Info message","timestamp":"5:12:49 PM"}
{"level":"warn","message":"Warning message","timestamp":"5:12:49 PM"}
{"level":"debug","message":"Debugging info","timestamp":"5:12:49 PM"}
{"level":"info","message":"Listening on port 1234","timestamp":"5:12:50 PM"}
{"level":"info","message":"Info message","timestamp":"5:17:11 PM"}
{"level":"warn","message":"Warning message","timestamp":"5:17:11 PM"}
{"level":"debug","message":"Debugging info","timestamp":"5:17:11 PM"}
{"level":"info","message":"Listening on port 1234","timestamp":"5:17:12 PM"}
{"level":"info","message":"Info message","timestamp":"5:18:59 PM"}
{"level":"warn","message":"Warning message","timestamp":"5:18:59 PM"}
{"level":"debug","message":"Debugging info","timestamp":"5:18:59 PM"}
{"level":"info","message":"Listening on port 1234","timestamp":"5:19:00 PM"}
{"level":"info","message":"Info message","timestamp":"5:26:19 PM"}
{"level":"warn","message":"Warning message","timestamp":"5:26:19 PM"}
{"level":"debug","message":"Debugging info","timestamp":"5:26:19 PM"}
{"level":"info","message":"Listening on port 1234","timestamp":"5:26:20 PM"}
{"level":"info","message":"Info message","timestamp":"5:28:57 PM"}
{"level":"warn","message":"Warning message","timestamp":"5:28:57 PM"}
{"level":"debug","message":"Debugging info","timestamp":"5:28:57 PM"}
{"level":"info","message":"Listening on port 1234","timestamp":"5:28:58 PM"}
{"level":"info","message":"Info message","timestamp":"5:29:34 PM"}
{"level":"warn","message":"Warning message","timestamp":"5:29:34 PM"}
{"level":"debug","message":"Debugging info","timestamp":"5:29:34 PM"}
{"level":"info","message":"Listening on port 1234","timestamp":"5:29:34 PM"}
{"level":"info","message":"Info message","timestamp":"5:30:13 PM"}
{"level":"warn","message":"Warning message","timestamp":"5:30:13 PM"}
{"level":"debug","message":"Debugging info","timestamp":"5:30:13 PM"}
{"level":"info","message":"Listening on port 1234","timestamp":"5:30:13 PM"}
{"level":"info","message":"Info message","timestamp":"5:36:22 PM"}
{"level":"warn","message":"Warning message","timestamp":"5:36:22 PM"}
{"level":"debug","message":"Debugging info","timestamp":"5:36:22 PM"}
{"level":"info","message":"Listening on port 1234","timestamp":"5:36:23 PM"}
{"level":"info","message":"Info message","timestamp":"8:21:52 PM"}
{"level":"warn","message":"Warning message","timestamp":"8:21:52 PM"}
{"level":"debug","message":"Debugging info","timestamp":"8:21:52 PM"}
{"level":"info","message":"Listening on port 1234","timestamp":"8:21:58 PM"}
{"level":"info","message":"Info message","timestamp":"8:22:52 PM"}
{"level":"warn","message":"Warning message","timestamp":"8:22:52 PM"}
{"level":"debug","message":"Debugging info","timestamp":"8:22:52 PM"}
{"level":"info","message":"Listening on port 1234","timestamp":"8:22:52 PM"}
{"level":"info","message":"Info message","timestamp":"11:47:35 AM"}
{"level":"warn","message":"Warning message","timestamp":"11:47:35 AM"}
{"level":"debug","message":"Debugging info","timestamp":"11:47:35 AM"}
{"level":"info","message":"Listening on port 1234","timestamp":"11:47:42 AM"}
{"level":"info","message":"Info message","timestamp":"3:09:19 PM"}
{"level":"warn","message":"Warning message","timestamp":"3:09:19 PM"}
{"level":"debug","message":"Debugging info","timestamp":"3:09:19 PM"}
{"level":"info","message":"Listening on port 1234","timestamp":"3:09:26 PM"}
{"level":"info","message":"Info message","timestamp":"4:53:18 PM"}
{"level":"warn","message":"Warning message","timestamp":"4:53:18 PM"}
{"level":"debug","message":"Debugging info","timestamp":"4:53:18 PM"}
{"level":"info","message":"Listening on port 1234","timestamp":"4:53:19 PM"}
{"level":"info","message":"Info message","timestamp":"5:01:29 PM"}
{"level":"warn","message":"Warning message","timestamp":"5:01:29 PM"}
{"level":"debug","message":"Debugging info","timestamp":"5:01:29 PM"}
{"level":"info","message":"Listening on port 1234","timestamp":"5:01:29 PM"}
{"level":"info","message":"Info message","timestamp":"5:10:01 PM"}
{"level":"warn","message":"Warning message","timestamp":"5:10:01 PM"}
{"level":"debug","message":"Debugging info","timestamp":"5:10:01 PM"}
{"level":"info","message":"Listening on port 1234","timestamp":"5:10:01 PM"}
{"level":"info","message":"Info message","timestamp":"5:11:34 PM"}
{"level":"warn","message":"Warning message","timestamp":"5:11:34 PM"}
{"level":"debug","message":"Debugging info","timestamp":"5:11:34 PM"}
{"level":"info","message":"Listening on port 1234","timestamp":"5:11:34 PM"}
{"level":"info","message":"Info message","timestamp":"5:16:34 PM"}
{"level":"warn","message":"Warning message","timestamp":"5:16:34 PM"}
{"level":"debug","message":"Debugging info","timestamp":"5:16:34 PM"}
{"level":"info","message":"Listening on port 1234","timestamp":"5:16:35 PM"}
{"level":"info","message":"Info message","timestamp":"5:16:59 PM"}
{"level":"warn","message":"Warning message","timestamp":"5:16:59 PM"}
{"level":"debug","message":"Debugging info","timestamp":"5:16:59 PM"}
{"level":"info","message":"Listening on port 1234","timestamp":"5:16:59 PM"}
{"level":"info","message":"Info message","timestamp":"5:17:45 PM"}
{"level":"warn","message":"Warning message","timestamp":"5:17:45 PM"}
{"level":"debug","message":"Debugging info","timestamp":"5:17:45 PM"}
{"level":"info","message":"Listening on port 1234","timestamp":"5:17:46 PM"}
{"level":"info","message":"Info message","timestamp":"5:21:15 PM"}
{"level":"warn","message":"Warning message","timestamp":"5:21:15 PM"}
{"level":"debug","message":"Debugging info","timestamp":"5:21:15 PM"}
{"level":"info","message":"Listening on port 1234","timestamp":"5:21:16 PM"}
{"level":"info","message":"Info message","timestamp":"5:23:35 PM"}
{"level":"warn","message":"Warning message","timestamp":"5:23:35 PM"}
{"level":"debug","message":"Debugging info","timestamp":"5:23:35 PM"}
{"level":"info","message":"Listening on port 1234","timestamp":"5:23:36 PM"}
{"level":"info","message":"Info message","timestamp":"5:28:41 PM"}
{"level":"warn","message":"Warning message","timestamp":"5:28:41 PM"}
{"level":"debug","message":"Debugging info","timestamp":"5:28:41 PM"}
{"level":"info","message":"Listening on port 1234","timestamp":"5:28:42 PM"}
{"level":"info","message":"Info message","timestamp":"5:29:03 PM"}
{"level":"warn","message":"Warning message","timestamp":"5:29:03 PM"}
{"level":"debug","message":"Debugging info","timestamp":"5:29:03 PM"}
{"level":"info","message":"Listening on port 1234","timestamp":"5:29:04 PM"}
{"level":"info","message":"Info message","timestamp":"5:32:44 PM"}
{"level":"warn","message":"Warning message","timestamp":"5:32:44 PM"}
{"level":"debug","message":"Debugging info","timestamp":"5:32:44 PM"}
{"level":"info","message":"Listening on port 1234","timestamp":"5:32:45 PM"}
{"level":"info","message":"Info message","timestamp":"5:34:02 PM"}
{"level":"warn","message":"Warning message","timestamp":"5:34:02 PM"}
{"level":"debug","message":"Debugging info","timestamp":"5:34:02 PM"}
{"level":"info","message":"Listening on port 1234","timestamp":"5:34:03 PM"}
{"level":"info","message":"Info message","timestamp":"6:37:18 PM"}
{"level":"warn","message":"Warning message","timestamp":"6:37:18 PM"}
{"level":"debug","message":"Debugging info","timestamp":"6:37:18 PM"}
{"level":"info","message":"Listening on port 1234","timestamp":"6:37:18 PM"}
{"level":"info","message":"Info message","timestamp":"6:37:43 PM"}
{"level":"warn","message":"Warning message","timestamp":"6:37:43 PM"}
{"level":"debug","message":"Debugging info","timestamp":"6:37:43 PM"}
{"level":"info","message":"Listening on port 1234","timestamp":"6:37:43 PM"}
{"level":"info","message":"Info message","timestamp":"6:38:12 PM"}
{"level":"warn","message":"Warning message","timestamp":"6:38:12 PM"}
{"level":"debug","message":"Debugging info","timestamp":"6:38:12 PM"}
{"level":"info","message":"Listening on port 1234","timestamp":"6:38:13 PM"}
{"level":"info","message":"Info message","timestamp":"6:38:57 PM"}
{"level":"warn","message":"Warning message","timestamp":"6:38:57 PM"}
{"level":"debug","message":"Debugging info","timestamp":"6:38:57 PM"}
{"level":"info","message":"Listening on port 1234","timestamp":"6:38:57 PM"}
{"level":"info","message":"Info message","timestamp":"6:39:10 PM"}
{"level":"warn","message":"Warning message","timestamp":"6:39:10 PM"}
{"level":"debug","message":"Debugging info","timestamp":"6:39:10 PM"}
{"level":"info","message":"Listening on port 1234","timestamp":"6:39:10 PM"}
{"level":"info","message":"Info message","timestamp":"6:44:49 PM"}
{"level":"warn","message":"Warning message","timestamp":"6:44:49 PM"}
{"level":"debug","message":"Debugging info","timestamp":"6:44:49 PM"}
{"level":"info","message":"Listening on port 1234","timestamp":"6:44:50 PM"}
{"level":"info","message":"Info message","timestamp":"6:46:30 PM"}
{"level":"warn","message":"Warning message","timestamp":"6:46:30 PM"}
{"level":"debug","message":"Debugging info","timestamp":"6:46:30 PM"}
{"level":"info","message":"Listening on port 1234","timestamp":"6:46:30 PM"}
{"level":"info","message":"Info message","timestamp":"6:47:58 PM"}
{"level":"warn","message":"Warning message","timestamp":"6:47:58 PM"}
{"level":"debug","message":"Debugging info","timestamp":"6:47:58 PM"}
{"level":"info","message":"Listening on port 1234","timestamp":"6:47:59 PM"}
{"level":"info","message":"Info message","timestamp":"6:49:44 PM"}
{"level":"warn","message":"Warning message","timestamp":"6:49:44 PM"}
{"level":"debug","message":"Debugging info","timestamp":"6:49:44 PM"}
{"level":"info","message":"Listening on port 1234","timestamp":"6:49:44 PM"}
{"level":"info","message":"Info message","timestamp":"6:50:53 PM"}
{"level":"warn","message":"Warning message","timestamp":"6:50:53 PM"}
{"level":"debug","message":"Debugging info","timestamp":"6:50:53 PM"}
{"level":"info","message":"Listening on port 1234","timestamp":"6:50:53 PM"}
{"level":"info","message":"Info message","timestamp":"6:51:08 PM"}
{"level":"warn","message":"Warning message","timestamp":"6:51:08 PM"}
{"level":"debug","message":"Debugging info","timestamp":"6:51:08 PM"}
{"level":"info","message":"Listening on port 1234","timestamp":"6:51:08 PM"}
{"level":"info","message":"Info message","timestamp":"6:52:39 PM"}
{"level":"warn","message":"Warning message","timestamp":"6:52:39 PM"}
{"level":"debug","message":"Debugging info","timestamp":"6:52:39 PM"}
{"level":"info","message":"Listening on port 1234","timestamp":"6:52:40 PM"}
{"level":"info","message":"Info message","timestamp":"6:56:36 PM"}
{"level":"warn","message":"Warning message","timestamp":"6:56:36 PM"}
{"level":"debug","message":"Debugging info","timestamp":"6:56:36 PM"}
{"level":"info","message":"Listening on port 1234","timestamp":"6:56:37 PM"}
{"level":"info","message":"Info message","timestamp":"6:58:37 PM"}
{"level":"warn","message":"Warning message","timestamp":"6:58:37 PM"}
{"level":"debug","message":"Debugging info","timestamp":"6:58:37 PM"}
{"level":"info","message":"Listening on port 1234","timestamp":"6:58:38 PM"}
{"level":"info","message":"Info message","timestamp":"7:11:26 PM"}
{"level":"warn","message":"Warning message","timestamp":"7:11:26 PM"}
{"level":"debug","message":"Debugging info","timestamp":"7:11:26 PM"}
{"level":"info","message":"Listening on port 1234","timestamp":"7:11:27 PM"}
{"level":"info","message":"Info message","timestamp":"7:13:26 PM"}
{"level":"warn","message":"Warning message","timestamp":"7:13:26 PM"}
{"level":"debug","message":"Debugging info","timestamp":"7:13:26 PM"}
{"level":"info","message":"Listening on port 1234","timestamp":"7:13:27 PM"}
{"level":"info","message":"Info message","timestamp":"7:20:10 PM"}
{"level":"warn","message":"Warning message","timestamp":"7:20:10 PM"}
{"level":"debug","message":"Debugging info","timestamp":"7:20:10 PM"}
{"level":"info","message":"Listening on port 1234","timestamp":"7:20:10 PM"}
{"level":"info","message":"Info message","timestamp":"7:23:12 PM"}
{"level":"warn","message":"Warning message","timestamp":"7:23:12 PM"}
{"level":"debug","message":"Debugging info","timestamp":"7:23:12 PM"}
{"level":"info","message":"Listening on port 1234","timestamp":"7:23:13 PM"}
{"level":"info","message":"Info message","timestamp":"7:31:41 PM"}
{"level":"warn","message":"Warning message","timestamp":"7:31:41 PM"}
{"level":"debug","message":"Debugging info","timestamp":"7:31:41 PM"}
{"level":"info","message":"Listening on port 1234","timestamp":"7:31:42 PM"}
{"level":"info","message":"Info message","timestamp":"3:48:09 PM"}
{"level":"warn","message":"Warning message","timestamp":"3:48:09 PM"}
{"level":"debug","message":"Debugging info","timestamp":"3:48:09 PM"}
{"level":"info","message":"Listening on port 1234","timestamp":"3:48:14 PM"}
{"level":"info","message":"Info message","timestamp":"8:47:48 PM"}
{"level":"warn","message":"Warning message","timestamp":"8:47:48 PM"}
{"level":"debug","message":"Debugging info","timestamp":"8:47:48 PM"}
{"level":"info","message":"Listening on port 1234","timestamp":"8:47:49 PM"}
{"level":"info","message":"Info message","timestamp":"2:22:16 PM"}
{"level":"warn","message":"Warning message","timestamp":"2:22:16 PM"}
{"level":"debug","message":"Debugging info","timestamp":"2:22:16 PM"}
{"level":"info","message":"Listening on port 1234","timestamp":"2:22:22 PM"}
{"level":"info","message":"Info message","timestamp":"2:56:30 PM"}
{"level":"warn","message":"Warning message","timestamp":"2:56:30 PM"}
{"level":"debug","message":"Debugging info","timestamp":"2:56:30 PM"}
{"level":"info","message":"Listening on port 1234","timestamp":"2:56:31 PM"}
{"level":"info","message":"Info message","timestamp":"3:21:54 PM"}
{"level":"warn","message":"Warning message","timestamp":"3:21:54 PM"}
{"level":"debug","message":"Debugging info","timestamp":"3:21:54 PM"}
{"level":"info","message":"Listening on port 1234","timestamp":"3:21:55 PM"}
{"level":"info","message":"Info message","timestamp":"3:25:43 PM"}
{"level":"warn","message":"Warning message","timestamp":"3:25:43 PM"}
{"level":"debug","message":"Debugging info","timestamp":"3:25:43 PM"}
{"level":"info","message":"Listening on port 1234","timestamp":"3:25:44 PM"}
{"level":"info","message":"Info message","timestamp":"3:26:38 PM"}
{"level":"warn","message":"Warning message","timestamp":"3:26:38 PM"}
{"level":"debug","message":"Debugging info","timestamp":"3:26:38 PM"}
{"level":"info","message":"Listening on port 1234","timestamp":"3:26:39 PM"}
{"level":"info","message":"Info message","timestamp":"3:27:35 PM"}
{"level":"warn","message":"Warning message","timestamp":"3:27:35 PM"}
{"level":"debug","message":"Debugging info","timestamp":"3:27:35 PM"}
{"level":"info","message":"Listening on port 1234","timestamp":"3:27:35 PM"}
{"level":"info","message":"Info message","timestamp":"3:30:39 PM"}
{"level":"warn","message":"Warning message","timestamp":"3:30:39 PM"}
{"level":"debug","message":"Debugging info","timestamp":"3:30:39 PM"}
{"level":"info","message":"Listening on port 1234","timestamp":"3:30:40 PM"}
{"level":"info","message":"Info message","timestamp":"3:35:09 PM"}
{"level":"warn","message":"Warning message","timestamp":"3:35:09 PM"}
{"level":"debug","message":"Debugging info","timestamp":"3:35:09 PM"}
{"level":"info","message":"Listening on port 1234","timestamp":"3:35:10 PM"}
{"level":"info","message":"Info message","timestamp":"3:37:09 PM"}
{"level":"warn","message":"Warning message","timestamp":"3:37:09 PM"}
{"level":"debug","message":"Debugging info","timestamp":"3:37:09 PM"}
{"level":"info","message":"Listening on port 1234","timestamp":"3:37:09 PM"}
{"level":"info","message":"Info message","timestamp":"3:37:54 PM"}
{"level":"warn","message":"Warning message","timestamp":"3:37:54 PM"}
{"level":"debug","message":"Debugging info","timestamp":"3:37:54 PM"}
{"level":"info","message":"Listening on port 1234","timestamp":"3:37:54 PM"}
{"level":"info","message":"Info message","timestamp":"4:55:40 PM"}
{"level":"warn","message":"Warning message","timestamp":"4:55:40 PM"}
{"level":"debug","message":"Debugging info","timestamp":"4:55:40 PM"}
{"level":"info","message":"Listening on port 1234","timestamp":"4:55:41 PM"}
{"level":"info","message":"Info message","timestamp":"4:56:52 PM"}
{"level":"warn","message":"Warning message","timestamp":"4:56:52 PM"}
{"level":"debug","message":"Debugging info","timestamp":"4:56:52 PM"}
{"level":"info","message":"Listening on port 1234","timestamp":"4:56:52 PM"}
{"level":"info","message":"Info message","timestamp":"4:58:32 PM"}
{"level":"warn","message":"Warning message","timestamp":"4:58:32 PM"}
{"level":"debug","message":"Debugging info","timestamp":"4:58:32 PM"}
{"level":"info","message":"Listening on port 1234","timestamp":"4:58:33 PM"}
{"level":"info","message":"Info message","timestamp":"5:01:10 PM"}
{"level":"warn","message":"Warning message","timestamp":"5:01:10 PM"}
{"level":"debug","message":"Debugging info","timestamp":"5:01:10 PM"}
{"level":"info","message":"Listening on port 1234","timestamp":"5:01:11 PM"}
{"level":"info","message":"Info message","timestamp":"5:03:26 PM"}
{"level":"warn","message":"Warning message","timestamp":"5:03:26 PM"}
{"level":"debug","message":"Debugging info","timestamp":"5:03:26 PM"}
{"level":"info","message":"Listening on port 1234","timestamp":"5:03:27 PM"}
{"level":"info","message":"Info message","timestamp":"5:04:01 PM"}
{"level":"warn","message":"Warning message","timestamp":"5:04:01 PM"}
{"level":"debug","message":"Debugging info","timestamp":"5:04:01 PM"}
{"level":"info","message":"Listening on port 1234","timestamp":"5:04:01 PM"}
{"level":"info","message":"Info message","timestamp":"5:05:44 PM"}
{"level":"warn","message":"Warning message","timestamp":"5:05:44 PM"}
{"level":"debug","message":"Debugging info","timestamp":"5:05:44 PM"}
{"level":"info","message":"Listening on port 1234","timestamp":"5:05:45 PM"}
{"level":"info","message":"Info message","timestamp":"5:25:20 PM"}
{"level":"warn","message":"Warning message","timestamp":"5:25:20 PM"}
{"level":"debug","message":"Debugging info","timestamp":"5:25:20 PM"}
{"level":"info","message":"Listening on port 1234","timestamp":"5:25:21 PM"}
{"level":"info","message":"Info message","timestamp":"5:25:36 PM"}
{"level":"warn","message":"Warning message","timestamp":"5:25:36 PM"}
{"level":"debug","message":"Debugging info","timestamp":"5:25:36 PM"}
{"level":"info","message":"Listening on port 1234","timestamp":"5:25:36 PM"}
{"level":"info","message":"Info message","timestamp":"5:27:10 PM"}
{"level":"warn","message":"Warning message","timestamp":"5:27:10 PM"}
{"level":"debug","message":"Debugging info","timestamp":"5:27:10 PM"}
{"level":"info","message":"Listening on port 1234","timestamp":"5:27:10 PM"}
{"level":"info","message":"Info message","timestamp":"5:27:48 PM"}
{"level":"warn","message":"Warning message","timestamp":"5:27:48 PM"}
{"level":"debug","message":"Debugging info","timestamp":"5:27:48 PM"}
{"level":"info","message":"Listening on port 1234","timestamp":"5:27:49 PM"}
{"level":"info","message":"Info message","timestamp":"5:29:24 PM"}
{"level":"warn","message":"Warning message","timestamp":"5:29:24 PM"}
{"level":"debug","message":"Debugging info","timestamp":"5:29:24 PM"}
{"level":"info","message":"Listening on port 1234","timestamp":"5:29:24 PM"}
{"level":"info","message":"Info message","timestamp":"5:30:18 PM"}
{"level":"warn","message":"Warning message","timestamp":"5:30:18 PM"}
{"level":"debug","message":"Debugging info","timestamp":"5:30:18 PM"}
{"level":"info","message":"Listening on port 1234","timestamp":"5:30:18 PM"}
{"level":"info","message":"Info message","timestamp":"6:35:02 PM"}
{"level":"warn","message":"Warning message","timestamp":"6:35:02 PM"}
{"level":"debug","message":"Debugging info","timestamp":"6:35:02 PM"}
{"level":"info","message":"Listening on port 1234","timestamp":"6:35:03 PM"}
{"level":"info","message":"Info message","timestamp":"6:35:44 PM"}
{"level":"warn","message":"Warning message","timestamp":"6:35:44 PM"}
{"level":"debug","message":"Debugging info","timestamp":"6:35:44 PM"}
{"level":"info","message":"Listening on port 1234","timestamp":"6:35:45 PM"}
{"level":"info","message":"Info message","timestamp":"6:41:14 PM"}
{"level":"warn","message":"Warning message","timestamp":"6:41:14 PM"}
{"level":"debug","message":"Debugging info","timestamp":"6:41:14 PM"}
{"level":"info","message":"Listening on port 1234","timestamp":"6:41:15 PM"}
{"level":"info","message":"Info message","timestamp":"6:42:18 PM"}
{"level":"warn","message":"Warning message","timestamp":"6:42:18 PM"}
{"level":"debug","message":"Debugging info","timestamp":"6:42:18 PM"}
{"level":"info","message":"Listening on port 1234","timestamp":"6:42:18 PM"}
{"level":"info","message":"Info message","timestamp":"1:19:39 PM"}
{"level":"warn","message":"Warning message","timestamp":"1:19:39 PM"}
{"level":"debug","message":"Debugging info","timestamp":"1:19:39 PM"}
{"level":"info","message":"Listening on port 1234","timestamp":"1:19:46 PM"}
{"level":"info","message":"Info message","timestamp":"2:52:36 PM"}
{"level":"warn","message":"Warning message","timestamp":"2:52:36 PM"}
{"level":"debug","message":"Debugging info","timestamp":"2:52:36 PM"}
{"level":"info","message":"Listening on port 1234","timestamp":"2:52:37 PM"}
{"level":"info","message":"Info message","timestamp":"2:42:31 PM"}
{"level":"warn","message":"Warning message","timestamp":"2:42:31 PM"}
{"level":"debug","message":"Debugging info","timestamp":"2:42:31 PM"}
{"level":"info","message":"Listening on port 1234","timestamp":"2:42:39 PM"}
{"level":"info","message":"Info message","timestamp":"7:46:23 PM"}
{"level":"warn","message":"Warning message","timestamp":"7:46:23 PM"}
{"level":"debug","message":"Debugging info","timestamp":"7:46:23 PM"}
{"level":"info","message":"Listening on port 1234","timestamp":"7:46:34 PM"}
{"level":"info","message":"Info message","timestamp":"7:53:58 PM"}
{"level":"warn","message":"Warning message","timestamp":"7:53:58 PM"}
{"level":"debug","message":"Debugging info","timestamp":"7:53:58 PM"}
{"level":"info","message":"Listening on port 1234","timestamp":"7:53:59 PM"}
{"level":"info","message":"Info message","timestamp":"8:09:15 PM"}
{"level":"warn","message":"Warning message","timestamp":"8:09:15 PM"}
{"level":"debug","message":"Debugging info","timestamp":"8:09:15 PM"}
{"level":"info","message":"Listening on port 1234","timestamp":"8:09:16 PM"}
{"level":"info","message":"Info message","timestamp":"12:56:37 PM"}
{"level":"warn","message":"Warning message","timestamp":"12:56:37 PM"}
{"level":"debug","message":"Debugging info","timestamp":"12:56:37 PM"}
{"level":"info","message":"Listening on port 1234","timestamp":"12:56:44 PM"}
{"level":"info","message":"Info message","timestamp":"1:31:46 PM"}
{"level":"warn","message":"Warning message","timestamp":"1:31:46 PM"}
{"level":"debug","message":"Debugging info","timestamp":"1:31:46 PM"}
{"level":"info","message":"Listening on port 1234","timestamp":"1:31:47 PM"}
{"level":"info","message":"Info message","timestamp":"2:06:05 PM"}
{"level":"warn","message":"Warning message","timestamp":"2:06:05 PM"}
{"level":"debug","message":"Debugging info","timestamp":"2:06:05 PM"}
{"level":"info","message":"Listening on port 1234","timestamp":"2:06:06 PM"}
{"level":"info","message":"Info message","timestamp":"2:30:30 PM"}
{"level":"warn","message":"Warning message","timestamp":"2:30:30 PM"}
{"level":"debug","message":"Debugging info","timestamp":"2:30:30 PM"}
{"level":"info","message":"Listening on port 1234","timestamp":"2:30:30 PM"}
{"level":"info","message":"Info message","timestamp":"2:34:36 PM"}
{"level":"warn","message":"Warning message","timestamp":"2:34:36 PM"}
{"level":"debug","message":"Debugging info","timestamp":"2:34:36 PM"}
{"level":"info","message":"Listening on port 1234","timestamp":"2:34:37 PM"}
{"level":"info","message":"Info message","timestamp":"2:42:13 PM"}
{"level":"warn","message":"Warning message","timestamp":"2:42:13 PM"}
{"level":"debug","message":"Debugging info","timestamp":"2:42:13 PM"}
{"level":"info","message":"Listening on port 1234","timestamp":"2:42:13 PM"}
{"level":"info","message":"Info message","timestamp":"3:04:16 PM"}
{"level":"warn","message":"Warning message","timestamp":"3:04:16 PM"}
{"level":"debug","message":"Debugging info","timestamp":"3:04:16 PM"}
{"level":"info","message":"Listening on port 1234","timestamp":"3:04:17 PM"}
{"level":"info","message":"Info message","timestamp":"3:12:40 PM"}
{"level":"warn","message":"Warning message","timestamp":"3:12:40 PM"}
{"level":"debug","message":"Debugging info","timestamp":"3:12:40 PM"}
{"level":"info","message":"Listening on port 1234","timestamp":"3:12:41 PM"}
{"level":"info","message":"Info message","timestamp":"4:02:36 PM"}
{"level":"warn","message":"Warning message","timestamp":"4:02:36 PM"}
{"level":"debug","message":"Debugging info","timestamp":"4:02:36 PM"}
{"level":"info","message":"Listening on port 1234","timestamp":"4:02:36 PM"}
{"level":"info","message":"Info message","timestamp":"4:05:16 PM"}
{"level":"warn","message":"Warning message","timestamp":"4:05:16 PM"}
{"level":"debug","message":"Debugging info","timestamp":"4:05:16 PM"}
{"level":"info","message":"Listening on port 1234","timestamp":"4:05:17 PM"}
{"level":"info","message":"Info message","timestamp":"4:08:32 PM"}
{"level":"warn","message":"Warning message","timestamp":"4:08:32 PM"}
{"level":"debug","message":"Debugging info","timestamp":"4:08:32 PM"}
{"level":"info","message":"Listening on port 1234","timestamp":"4:08:33 PM"}
{"level":"error","message":"Error: ENOENT: no such file or directory, open 'F:\\NodejsApi\\public\\uploads\\avatar-1580985516126.jpeg'","timestamp":"4:08:36 PM"}
{"level":"info","message":"Info message","timestamp":"4:09:12 PM"}
{"level":"warn","message":"Warning message","timestamp":"4:09:12 PM"}
{"level":"debug","message":"Debugging info","timestamp":"4:09:12 PM"}
{"level":"info","message":"Listening on port 1234","timestamp":"4:09:12 PM"}
{"level":"info","message":"Info message","timestamp":"4:11:30 PM"}
{"level":"warn","message":"Warning message","timestamp":"4:11:30 PM"}
{"level":"debug","message":"Debugging info","timestamp":"4:11:30 PM"}
{"level":"info","message":"Listening on port 1234","timestamp":"4:11:31 PM"}
{"level":"info","message":"Info message","timestamp":"4:13:24 PM"}
{"level":"warn","message":"Warning message","timestamp":"4:13:24 PM"}
{"level":"debug","message":"Debugging info","timestamp":"4:13:24 PM"}
{"level":"info","message":"Listening on port 1234","timestamp":"4:13:25 PM"}
{"level":"info","message":"Info message","timestamp":"4:14:19 PM"}
{"level":"warn","message":"Warning message","timestamp":"4:14:19 PM"}
{"level":"debug","message":"Debugging info","timestamp":"4:14:19 PM"}
{"level":"info","message":"Listening on port 1234","timestamp":"4:14:19 PM"}
{"level":"info","message":"Info message","timestamp":"6:59:05 PM"}
{"level":"warn","message":"Warning message","timestamp":"6:59:05 PM"}
{"level":"debug","message":"Debugging info","timestamp":"6:59:05 PM"}
{"level":"info","message":"Listening on port 1234","timestamp":"6:59:10 PM"}
{"level":"info","message":"Info message","timestamp":"7:12:14 PM"}
{"level":"warn","message":"Warning message","timestamp":"7:12:14 PM"}
{"level":"debug","message":"Debugging info","timestamp":"7:12:14 PM"}
{"level":"info","message":"Listening on port 1234","timestamp":"7:12:14 PM"}
{"level":"info","message":"Info message","timestamp":"7:31:18 PM"}
{"level":"warn","message":"Warning message","timestamp":"7:31:18 PM"}
{"level":"debug","message":"Debugging info","timestamp":"7:31:18 PM"}
{"level":"info","message":"Listening on port 1234","timestamp":"7:31:19 PM"}
{"level":"info","message":"Info message","timestamp":"7:33:22 PM"}
{"level":"warn","message":"Warning message","timestamp":"7:33:22 PM"}
{"level":"debug","message":"Debugging info","timestamp":"7:33:22 PM"}
{"level":"info","message":"Listening on port 1234","timestamp":"7:33:23 PM"}
{"level":"info","message":"Info message","timestamp":"7:35:08 PM"}
{"level":"warn","message":"Warning message","timestamp":"7:35:08 PM"}
{"level":"debug","message":"Debugging info","timestamp":"7:35:08 PM"}
{"level":"info","message":"Listening on port 1234","timestamp":"7:35:09 PM"}
{"level":"info","message":"Info message","timestamp":"7:40:05 PM"}
{"level":"warn","message":"Warning message","timestamp":"7:40:05 PM"}
{"level":"debug","message":"Debugging info","timestamp":"7:40:05 PM"}
{"level":"info","message":"Listening on port 1234","timestamp":"7:40:06 PM"}
{"level":"info","message":"Info message","timestamp":"7:44:59 PM"}
{"level":"warn","message":"Warning message","timestamp":"7:44:59 PM"}
{"level":"debug","message":"Debugging info","timestamp":"7:44:59 PM"}
{"level":"info","message":"Listening on port 1234","timestamp":"7:45:00 PM"}
{"level":"info","message":"Info message","timestamp":"7:48:32 PM"}
{"level":"warn","message":"Warning message","timestamp":"7:48:32 PM"}
{"level":"debug","message":"Debugging info","timestamp":"7:48:32 PM"}
{"level":"info","message":"Listening on port 1234","timestamp":"7:48:33 PM"}
{"level":"info","message":"Info message","timestamp":"7:55:19 PM"}
{"level":"warn","message":"Warning message","timestamp":"7:55:19 PM"}
{"level":"debug","message":"Debugging info","timestamp":"7:55:19 PM"}
{"level":"info","message":"Listening on port 1234","timestamp":"7:55:20 PM"}
{"level":"info","message":"Info message","timestamp":"7:59:29 PM"}
{"level":"warn","message":"Warning message","timestamp":"7:59:29 PM"}
{"level":"debug","message":"Debugging info","timestamp":"7:59:29 PM"}
{"level":"info","message":"Listening on port 1234","timestamp":"7:59:30 PM"}
{"level":"info","message":"Info message","timestamp":"8:59:49 PM"}
{"level":"warn","message":"Warning message","timestamp":"8:59:49 PM"}
{"level":"debug","message":"Debugging info","timestamp":"8:59:49 PM"}
{"level":"info","message":"Listening on port 1234","timestamp":"8:59:49 PM"}
{"level":"info","message":"Info message","timestamp":"1:49:06 PM"}
{"level":"warn","message":"Warning message","timestamp":"1:49:06 PM"}
{"level":"debug","message":"Debugging info","timestamp":"1:49:06 PM"}
{"level":"info","message":"Listening on port 1234","timestamp":"1:49:11 PM"}
{"level":"info","message":"Info message","timestamp":"2:06:14 PM"}
{"level":"warn","message":"Warning message","timestamp":"2:06:14 PM"}
{"level":"debug","message":"Debugging info","timestamp":"2:06:14 PM"}
{"level":"info","message":"Listening on port 1234","timestamp":"2:06:15 PM"}
{"level":"info","message":"Info message","timestamp":"4:47:27 PM"}
{"level":"warn","message":"Warning message","timestamp":"4:47:27 PM"}
{"level":"debug","message":"Debugging info","timestamp":"4:47:27 PM"}
{"level":"info","message":"Listening on port 1234","timestamp":"4:47:36 PM"}
{"level":"info","message":"Info message","timestamp":"9:20:07 PM"}
{"level":"warn","message":"Warning message","timestamp":"9:20:07 PM"}
{"level":"debug","message":"Debugging info","timestamp":"9:20:07 PM"}
{"level":"info","message":"Listening on port 1234","timestamp":"9:20:15 PM"}
{"level":"info","message":"Info message","timestamp":"1:10:05 PM"}
{"level":"warn","message":"Warning message","timestamp":"1:10:05 PM"}
{"level":"debug","message":"Debugging info","timestamp":"1:10:05 PM"}
{"level":"info","message":"Listening on port 1234","timestamp":"1:10:09 PM"}
{"level":"info","message":"Info message","timestamp":"1:11:35 PM"}
{"level":"warn","message":"Warning message","timestamp":"1:11:35 PM"}
{"level":"debug","message":"Debugging info","timestamp":"1:11:35 PM"}
{"level":"info","message":"Listening on port 1234","timestamp":"1:11:36 PM"}
{"level":"info","message":"Info message","timestamp":"1:12:10 PM"}
{"level":"warn","message":"Warning message","timestamp":"1:12:10 PM"}
{"level":"debug","message":"Debugging info","timestamp":"1:12:10 PM"}
{"level":"info","message":"Listening on port 1234","timestamp":"1:12:10 PM"}
{"level":"info","message":"Info message","timestamp":"1:47:30 PM"}
{"level":"warn","message":"Warning message","timestamp":"1:47:30 PM"}
{"level":"debug","message":"Debugging info","timestamp":"1:47:30 PM"}
{"level":"info","message":"Listening on port 1234","timestamp":"1:47:35 PM"}
{"level":"info","message":"Info message","timestamp":"1:59:35 PM"}
{"level":"warn","message":"Warning message","timestamp":"1:59:35 PM"}
{"level":"debug","message":"Debugging info","timestamp":"1:59:35 PM"}
{"level":"info","message":"Listening on port 1234","timestamp":"1:59:36 PM"}
{"level":"info","message":"Info message","timestamp":"2:00:00 PM"}
{"level":"warn","message":"Warning message","timestamp":"2:00:00 PM"}
{"level":"debug","message":"Debugging info","timestamp":"2:00:00 PM"}
{"level":"info","message":"Listening on port 1234","timestamp":"2:00:01 PM"}
{"level":"info","message":"Info message","timestamp":"2:07:03 PM"}
{"level":"warn","message":"Warning message","timestamp":"2:07:03 PM"}
{"level":"debug","message":"Debugging info","timestamp":"2:07:03 PM"}
{"level":"info","message":"Listening on port 1234","timestamp":"2:07:04 PM"}
{"level":"info","message":"Info message","timestamp":"2:07:17 PM"}
{"level":"warn","message":"Warning message","timestamp":"2:07:17 PM"}
{"level":"debug","message":"Debugging info","timestamp":"2:07:17 PM"}
{"level":"info","message":"Listening on port 1234","timestamp":"2:07:17 PM"}
{"level":"info","message":"Info message","timestamp":"2:07:43 PM"}
{"level":"warn","message":"Warning message","timestamp":"2:07:43 PM"}
{"level":"debug","message":"Debugging info","timestamp":"2:07:43 PM"}
{"level":"info","message":"Listening on port 1234","timestamp":"2:07:44 PM"}
{"level":"info","message":"Info message","timestamp":"2:08:08 PM"}
{"level":"warn","message":"Warning message","timestamp":"2:08:08 PM"}
{"level":"debug","message":"Debugging info","timestamp":"2:08:08 PM"}
{"level":"info","message":"Listening on port 1234","timestamp":"2:08:08 PM"}
{"level":"info","message":"Info message","timestamp":"2:17:51 PM"}
{"level":"warn","message":"Warning message","timestamp":"2:17:51 PM"}
{"level":"debug","message":"Debugging info","timestamp":"2:17:51 PM"}
{"level":"info","message":"Listening on port 1234","timestamp":"2:17:51 PM"}
{"level":"info","message":"Info message","timestamp":"2:18:40 PM"}
{"level":"warn","message":"Warning message","timestamp":"2:18:40 PM"}
{"level":"debug","message":"Debugging info","timestamp":"2:18:40 PM"}
{"level":"info","message":"Listening on port 1234","timestamp":"2:18:41 PM"}
{"level":"info","message":"Info message","timestamp":"2:30:08 PM"}
{"level":"warn","message":"Warning message","timestamp":"2:30:08 PM"}
{"level":"debug","message":"Debugging info","timestamp":"2:30:08 PM"}
{"level":"info","message":"Listening on port 1234","timestamp":"2:30:09 PM"}
{"level":"info","message":"Info message","timestamp":"2:52:48 PM"}
{"level":"warn","message":"Warning message","timestamp":"2:52:48 PM"}
{"level":"debug","message":"Debugging info","timestamp":"2:52:48 PM"}
{"level":"info","message":"Listening on port 1234","timestamp":"2:52:49 PM"}
{"level":"info","message":"Info message","timestamp":"2:53:29 PM"}
{"level":"warn","message":"Warning message","timestamp":"2:53:29 PM"}
{"level":"debug","message":"Debugging info","timestamp":"2:53:29 PM"}
{"level":"info","message":"Listening on port 1234","timestamp":"2:53:30 PM"}
{"level":"info","message":"Info message","timestamp":"3:01:37 PM"}
{"level":"warn","message":"Warning message","timestamp":"3:01:37 PM"}
{"level":"debug","message":"Debugging info","timestamp":"3:01:37 PM"}
{"level":"info","message":"Listening on port 1234","timestamp":"3:01:38 PM"}
{"level":"info","message":"Info message","timestamp":"3:02:40 PM"}
{"level":"warn","message":"Warning message","timestamp":"3:02:40 PM"}
{"level":"debug","message":"Debugging info","timestamp":"3:02:40 PM"}
{"level":"info","message":"Listening on port 1234","timestamp":"3:02:41 PM"}
{"level":"info","message":"Info message","timestamp":"3:07:08 PM"}
{"level":"warn","message":"Warning message","timestamp":"3:07:08 PM"}
{"level":"debug","message":"Debugging info","timestamp":"3:07:08 PM"}
{"level":"info","message":"Listening on port 1234","timestamp":"3:07:09 PM"}
{"level":"info","message":"Info message","timestamp":"3:09:06 PM"}
{"level":"warn","message":"Warning message","timestamp":"3:09:06 PM"}
{"level":"debug","message":"Debugging info","timestamp":"3:09:06 PM"}
{"level":"info","message":"Listening on port 1234","timestamp":"3:09:06 PM"}
{"level":"info","message":"Info message","timestamp":"3:11:44 PM"}
{"level":"warn","message":"Warning message","timestamp":"3:11:44 PM"}
{"level":"debug","message":"Debugging info","timestamp":"3:11:44 PM"}
{"level":"info","message":"Listening on port 1234","timestamp":"3:11:45 PM"}
{"level":"info","message":"Info message","timestamp":"3:17:43 PM"}
{"level":"warn","message":"Warning message","timestamp":"3:17:43 PM"}
{"level":"debug","message":"Debugging info","timestamp":"3:17:43 PM"}
{"level":"info","message":"Listening on port 1234","timestamp":"3:17:43 PM"}
{"level":"info","message":"Info message","timestamp":"3:26:40 PM"}
{"level":"warn","message":"Warning message","timestamp":"3:26:40 PM"}
{"level":"debug","message":"Debugging info","timestamp":"3:26:40 PM"}
{"level":"info","message":"Listening on port 1234","timestamp":"3:26:41 PM"}
{"level":"info","message":"Info message","timestamp":"3:28:29 PM"}
{"level":"warn","message":"Warning message","timestamp":"3:28:29 PM"}
{"level":"debug","message":"Debugging info","timestamp":"3:28:29 PM"}
{"level":"info","message":"Listening on port 1234","timestamp":"3:28:30 PM"}
{"level":"info","message":"Info message","timestamp":"3:31:57 PM"}
{"level":"warn","message":"Warning message","timestamp":"3:31:57 PM"}
{"level":"debug","message":"Debugging info","timestamp":"3:31:57 PM"}
{"level":"info","message":"Listening on port 1234","timestamp":"3:31:58 PM"}
{"level":"info","message":"Info message","timestamp":"3:37:14 PM"}
{"level":"warn","message":"Warning message","timestamp":"3:37:14 PM"}
{"level":"debug","message":"Debugging info","timestamp":"3:37:14 PM"}
{"level":"info","message":"Listening on port 1234","timestamp":"3:37:15 PM"}
{"level":"info","message":"Info message","timestamp":"3:38:02 PM"}
{"level":"warn","message":"Warning message","timestamp":"3:38:02 PM"}
{"level":"debug","message":"Debugging info","timestamp":"3:38:02 PM"}
{"level":"info","message":"Listening on port 1234","timestamp":"3:38:03 PM"}
